<?xml version="1.0" encoding="UTF-8"?>
<!-- Generated by org.testng.reporters.JUnitReportReporter -->
<testsuite hostname="EC2AMAZ-CKKV55H" failures="0" tests="1" name="Aidscapev1.AnalyticalProducts" time="75.686" errors="0" timestamp="2023-05-11T15:12:00 UTC" skipped="0">
  <testcase classname="Aidscapev1.AnalyticalProducts" name="test01" time="75.686"/>
  <system-out/>
</testsuite> <!-- Aidscapev1.AnalyticalProducts -->
