<?xml version="1.0" encoding="UTF-8"?>
<!-- Generated by org.testng.reporters.JUnitReportReporter -->
<testsuite hostname="EC2AMAZ-CKKV55H" failures="0" tests="1" name="Aidscapev1.CountrySpotlights" time="78.548" errors="0" timestamp="2023-04-26T14:59:45 UTC" skipped="0">
  <testcase classname="Aidscapev1.CountrySpotlights" name="test01" time="78.548"/>
  <system-out/>
</testsuite> <!-- Aidscapev1.CountrySpotlights -->
