<?xml version="1.0" encoding="UTF-8"?>
<!-- Generated by org.testng.reporters.JUnitReportReporter -->
<testsuite hostname="EC2AMAZ-CKKV55H" failures="0" tests="1" name="Aidscapev1.DemocracyHumanRightsGovernance$AnalyticalProducts" time="37.063" errors="0" timestamp="2023-05-09T14:54:31 UTC" skipped="0">
  <testcase classname="Aidscapev1.DemocracyHumanRightsGovernance$AnalyticalProducts" name="test01" time="37.063"/>
  <system-out/>
</testsuite> <!-- Aidscapev1.DemocracyHumanRightsGovernance$AnalyticalProducts -->
