<?xml version="1.0" encoding="UTF-8"?>
<!-- Generated by org.testng.reporters.JUnitReportReporter -->
<testsuite hostname="EC2AMAZ-CKKV55H" failures="0" tests="2" name="MRRSite.Datapage" time="84.113" errors="0" timestamp="2023-05-25T18:21:21 UTC" skipped="0">
  <testcase classname="MRRSite.Datapage" name="test2" time="39.191"/>
  <system-out/>
  <testcase classname="MRRSite.Datapage" name="test1" time="44.922"/>
  <system-out/>
</testsuite> <!-- MRRSite.Datapage -->
