<?xml version="1.0" encoding="UTF-8"?>
<!-- Generated by org.testng.reporters.JUnitReportReporter -->
<testsuite hostname="EC2AMAZ-CKKV55H" failures="0" tests="2" name="MRRSite.MRRLandingPage$Landingpage" time="90.655" errors="0" timestamp="2023-05-19T18:37:29 UTC" skipped="0">
  <testcase classname="MRRSite.MRRLandingPage$Landingpage" name="test2" time="39.063"/>
  <system-out/>
  <testcase classname="MRRSite.MRRLandingPage$Landingpage" name="test1" time="51.592"/>
  <system-out/>
</testsuite> <!-- MRRSite.MRRLandingPage$Landingpage -->
