<?xml version="1.0" encoding="UTF-8"?>
<!-- Generated by org.testng.reporters.JUnitReportReporter -->
<testsuite hostname="EC2AMAZ-CKKV55H" failures="0" tests="1" name="MRRSite.ContactUspage" time="21.036" errors="0" timestamp="2023-05-31T19:17:12 UTC" skipped="0">
  <testcase classname="MRRSite.ContactUspage" name="test3" time="21.036"/>
  <system-out/>
</testsuite> <!-- MRRSite.ContactUspage -->
