<?xml version="1.0" encoding="UTF-8"?>
<!-- Generated by org.testng.reporters.JUnitReportReporter -->
<testsuite hostname="EC2AMAZ-CKKV55H" failures="0" tests="1" name="MRRSite.Downloadpage" time="41.791" errors="0" timestamp="2023-05-31T14:45:09 UTC" skipped="0">
  <testcase classname="MRRSite.Downloadpage" name="test1" time="41.791"/>
  <system-out/>
</testsuite> <!-- MRRSite.Downloadpage -->
