<?xml version="1.0" encoding="UTF-8"?>
<!-- Generated by org.testng.reporters.JUnitReportReporter -->
<testsuite hostname="EC2AMAZ-CKKV55H" failures="0" tests="1" name="MRRSite.OtherSites" time="35.764" errors="0" timestamp="2023-05-25T18:16:43 UTC" skipped="0">
  <testcase classname="MRRSite.OtherSites" name="test1" time="35.764"/>
  <system-out/>
</testsuite> <!-- MRRSite.OtherSites -->
