<?xml version="1.0" encoding="UTF-8"?>
<!-- Generated by org.testng.reporters.JUnitReportReporter -->
<testsuite hostname="EC2AMAZ-CKKV55H" failures="0" tests="1" name="MRRSite.Aboutpage" time="64.850" errors="0" timestamp="2023-05-31T17:24:29 UTC" skipped="0">
  <testcase classname="MRRSite.Aboutpage" name="test1" time="64.850"/>
  <system-out/>
</testsuite> <!-- MRRSite.Aboutpage -->
