<?xml version="1.0" encoding="UTF-8"?>
<!-- Generated by org.testng.reporters.JUnitReportReporter -->
<testsuite hostname="EC2AMAZ-CKKV55H" failures="0" tests="1" name="MRRSite.ReportsLandingPage" time="78.470" errors="0" timestamp="2023-05-30T17:57:02 UTC" skipped="0">
  <testcase classname="MRRSite.ReportsLandingPage" name="test1" time="78.470"/>
  <system-out/>
</testsuite> <!-- MRRSite.ReportsLandingPage -->
