<?xml version="1.0" encoding="UTF-8"?>
<!-- Generated by org.testng.reporters.JUnitReportReporter -->
<testsuite hostname="EC2AMAZ-CKKV55H" failures="0" tests="1" name="MRRSite.Glossarypage" time="39.499" errors="0" timestamp="2023-05-31T18:58:58 UTC" skipped="0">
  <testcase classname="MRRSite.Glossarypage" name="test1" time="39.499"/>
  <system-out/>
</testsuite> <!-- MRRSite.Glossarypage -->
