<?xml version="1.0" encoding="UTF-8"?>
<!-- Generated by org.testng.reporters.JUnitReportReporter -->
<testsuite hostname="EC2AMAZ-CKKV55H" failures="0" tests="1" name="IdeaSite.CountryDashboard" time="116.067" errors="0" timestamp="2023-05-08T01:30:17 UTC" skipped="0">
  <testcase classname="IdeaSite.CountryDashboard" name="test01" time="116.067"/>
  <system-out/>
</testsuite> <!-- IdeaSite.CountryDashboard -->
