<?xml version="1.0" encoding="UTF-8"?>
<!-- Generated by org.testng.reporters.JUnitReportReporter -->
<testsuite hostname="EC2AMAZ-CKKV55H" failures="0" tests="1" name="IdeaSite.About" time="69.949" errors="0" timestamp="2023-05-11T18:27:22 UTC" skipped="0">
  <testcase classname="IdeaSite.About" name="test01" time="69.949"/>
  <system-out/>
</testsuite> <!-- IdeaSite.About -->
