<?xml version="1.0" encoding="UTF-8"?>
<!-- Generated by org.testng.reporters.JUnitReportReporter -->
<testsuite hostname="EC2AMAZ-CKKV55H" failures="0" tests="1" name="IdeaSite.testing" time="68.121" errors="0" timestamp="2023-05-04T18:29:52 UTC" skipped="0">
  <testcase classname="IdeaSite.testing" name="test01" time="68.121"/>
  <system-out/>
</testsuite> <!-- IdeaSite.testing -->
