<?xml version="1.0" encoding="UTF-8"?>
<!-- Generated by org.testng.reporters.JUnitReportReporter -->
<testsuite hostname="EC2AMAZ-CKKV55H" failures="0" tests="1" name="IdeaSite.USAIDsites" time="40.363" errors="0" timestamp="2023-05-25T18:17:38 UTC" skipped="0">
  <testcase classname="IdeaSite.USAIDsites" name="test01" time="40.363"/>
  <system-out/>
</testsuite> <!-- IdeaSite.USAIDsites -->
