<?xml version="1.0" encoding="UTF-8"?>
<!-- Generated by org.testng.reporters.JUnitReportReporter -->
<testsuite hostname="EC2AMAZ-CKKV55H" failures="0" tests="1" name="IdeaSite.AnalyticalProducts" time="135.374" errors="0" timestamp="2023-05-09T14:33:44 UTC" skipped="0">
  <testcase classname="IdeaSite.AnalyticalProducts" name="test01" time="135.374"/>
  <system-out/>
</testsuite> <!-- IdeaSite.AnalyticalProducts -->
