<?xml version="1.0" encoding="UTF-8"?>
<!-- Generated by org.testng.reporters.JUnitReportReporter -->
<testsuite hostname="EC2AMAZ-CKKV55H" failures="0" tests="1" name="IdeaSite.DomesticRevenueMobilization" time="48.032" errors="0" timestamp="2023-05-10T18:08:45 UTC" skipped="0">
  <testcase classname="IdeaSite.DomesticRevenueMobilization" name="test01" time="48.032"/>
  <system-out/>
</testsuite> <!-- IdeaSite.DomesticRevenueMobilization -->
