<?xml version="1.0" encoding="UTF-8"?>
<!-- Generated by org.testng.reporters.JUnitReportReporter -->
<testsuite hostname="EC2AMAZ-CKKV55H" failures="0" tests="1" name="IdeaSite.DemocracyHumanRightsGovernance" time="222.330" errors="0" timestamp="2023-05-09T21:14:55 UTC" skipped="0">
  <testcase classname="IdeaSite.DemocracyHumanRightsGovernance" name="test01" time="222.330"/>
  <system-out/>
</testsuite> <!-- IdeaSite.DemocracyHumanRightsGovernance -->
